The system is: Windows - 10.0.22621 - AMD64
Compiling the C compiler identification source file "CMakeCCompilerId.c" succeeded.
Compiler: C:/Users/Tal/.espressif/tools/xtensa-esp32-elf-clang/esp-12.0.1-20210914-x86_64-pc-windows-msvc/bin/clang.exe 
Build flags: 
Id flags: -c 

The output was:
0


Compilation of the C compiler identification source "CMakeCCompilerId.c" produced "CMakeCCompilerId.o"

The C compiler identification is Clang, found in "C:/Users/Tal/Documents/work/atoms3-echonet-pv/components/esp-ECHONET-Lite/build/CMakeFiles/3.23.1/CompilerIdC/CMakeCCompilerId.o"

The system is: Windows - 10.0.22621 - AMD64
Compiling the C compiler identification source file "CMakeCCompilerId.c" succeeded.
Compiler: C:/Users/Tal/.espressif/tools/xtensa-esp32-elf-clang/esp-12.0.1-20210914-x86_64-pc-windows-msvc/bin/clang.exe 
Build flags: 
Id flags: -c 

The output was:
0


Compilation of the C compiler identification source "CMakeCCompilerId.c" produced "CMakeCCompilerId.o"

The C compiler identification is Clang, found in "C:/Users/Tal/Documents/work/atoms3-echonet-pv/components/esp-ECHONET-Lite/build/CMakeFiles/3.23.1/CompilerIdC/CMakeCCompilerId.o"

The system is: Windows - 10.0.22621 - AMD64
Compiling the C compiler identification source file "CMakeCCompilerId.c" succeeded.
Compiler: C:/Users/Tal/.espressif/tools/xtensa-esp32-elf-clang/esp-12.0.1-20210914-x86_64-pc-windows-msvc/bin/clang.exe 
Build flags: 
Id flags: -c 

The output was:
0


Compilation of the C compiler identification source "CMakeCCompilerId.c" produced "CMakeCCompilerId.o"

The C compiler identification is Clang, found in "C:/Users/Tal/Documents/work/atoms3-echonet-pv/components/esp-ECHONET-Lite/build/CMakeFiles/3.23.1/CompilerIdC/CMakeCCompilerId.o"

